2021-11-23 10:49:33,306: Connected to Redis
2021-11-23 10:49:33,310: endpoint :http://a84abf32be9644a43920d6d28e626872-6b478b698f7dea1a.elb.us-east-1.amazonaws.com/image-classifier-resnet50-i1
2021-11-23 10:49:33,311: * push:
2021-11-23 10:49:33,312: 1
2021-11-23 10:49:33,312: * pop:
2021-11-23 10:49:33,312: 0b0a09c0-4c4b-11ec-9f90-0a4a64cd4f01
2021-11-23 10:49:33,313: get_uuid : {"progress": 0, "reqtype": "R", "reqdata": "{\"url\": \"https://i.imgur.com/213xcvs.jpg\"}", "respdata": 0, "latency": 0, "endpoint": "http://a84abf32be9644a43920d6d28e626872-6b478b698f7dea1a.elb.us-east-1.amazonaws.com/image-classifier-resnet50-i1"}
2021-11-23 10:49:33,449: http://a84abf32be9644a43920d6d28e626872-6b478b698f7dea1a.elb.us-east-1.amazonaws.com/image-classifier-resnet50-i1 latency: 0.1356seconds
2021-11-23 10:49:34,486: Connected to Redis
2021-11-23 10:49:34,489: endpoint :http://a84abf32be9644a43920d6d28e626872-6b478b698f7dea1a.elb.us-east-1.amazonaws.com/image-classifier-resnet50-i1
2021-11-23 10:49:34,490: * push:
2021-11-23 10:49:34,491: 1
2021-11-23 10:49:34,491: * pop:
2021-11-23 10:49:34,491: 0b0a09c1-4c4b-11ec-9f90-0a4a64cd4f01
2021-11-23 10:49:34,492: get_uuid : {"progress": 0, "reqtype": "R", "reqdata": "{\"url\": \"https://i.imgur.com/213xcvs.jpg\"}", "respdata": 0, "latency": 0, "endpoint": "http://a84abf32be9644a43920d6d28e626872-6b478b698f7dea1a.elb.us-east-1.amazonaws.com/image-classifier-resnet50-i1"}
2021-11-23 10:49:34,623: http://a84abf32be9644a43920d6d28e626872-6b478b698f7dea1a.elb.us-east-1.amazonaws.com/image-classifier-resnet50-i1 latency: 0.1306seconds
2021-11-23 10:49:35,644: Connected to Redis
2021-11-23 10:49:35,648: endpoint :http://a84abf32be9644a43920d6d28e626872-6b478b698f7dea1a.elb.us-east-1.amazonaws.com/image-classifier-resnet50-i1
2021-11-23 10:49:35,649: * push:
2021-11-23 10:49:35,650: 1
2021-11-23 10:49:35,650: * pop:
2021-11-23 10:49:35,650: 0c6ec396-4c4b-11ec-9f90-0a4a64cd4f01
2021-11-23 10:49:35,651: get_uuid : {"progress": 0, "reqtype": "R", "reqdata": "{\"url\": \"https://i.imgur.com/213xcvs.jpg\"}", "respdata": 0, "latency": 0, "endpoint": "http://a84abf32be9644a43920d6d28e626872-6b478b698f7dea1a.elb.us-east-1.amazonaws.com/image-classifier-resnet50-i1"}
2021-11-23 10:49:35,803: http://a84abf32be9644a43920d6d28e626872-6b478b698f7dea1a.elb.us-east-1.amazonaws.com/image-classifier-resnet50-i1 latency: 0.1518seconds
2021-11-23 10:49:36,714: Connected to Redis
2021-11-23 10:49:36,717: endpoint :http://a84abf32be9644a43920d6d28e626872-6b478b698f7dea1a.elb.us-east-1.amazonaws.com/image-classifier-resnet50-i1
2021-11-23 10:49:36,718: * push:
2021-11-23 10:49:36,719: 1
2021-11-23 10:49:36,719: * pop:
2021-11-23 10:49:36,720: 0c6ec397-4c4b-11ec-9f90-0a4a64cd4f01
2021-11-23 10:49:36,720: get_uuid : {"progress": 0, "reqtype": "R", "reqdata": "{\"url\": \"https://i.imgur.com/213xcvs.jpg\"}", "respdata": 0, "latency": 0, "endpoint": "http://a84abf32be9644a43920d6d28e626872-6b478b698f7dea1a.elb.us-east-1.amazonaws.com/image-classifier-resnet50-i1"}
2021-11-23 10:49:36,865: http://a84abf32be9644a43920d6d28e626872-6b478b698f7dea1a.elb.us-east-1.amazonaws.com/image-classifier-resnet50-i1 latency: 0.144seconds
2021-11-23 10:54:58,752: Connected to Redis
2021-11-23 10:54:58,755: endpoint :http://a84abf32be9644a43920d6d28e626872-6b478b698f7dea1a.elb.us-east-1.amazonaws.com/image-classifier-resnet50-i1
2021-11-23 10:54:58,756: * push:
2021-11-23 10:54:58,757: 1
2021-11-23 10:54:58,757: * pop:
2021-11-23 10:54:58,757: cd05046c-4c4b-11ec-9f90-0a4a64cd4f01
2021-11-23 10:54:58,758: get_uuid : {"progress": 0, "reqtype": "R", "reqdata": "{\"url\": \"https://i.imgur.com/213xcvs.jpg\"}", "respdata": 0, "latency": 0, "endpoint": "endpoint_policy"}
2021-11-23 10:54:58,760: endpoint_policy latency: 0.0011seconds
2021-11-23 10:54:58,760: Exception on /call/R [POST]
Traceback (most recent call last):
  File "/home/ubuntu/.local/lib/python3.6/site-packages/flask/app.py", line 2073, in wsgi_app
    response = self.full_dispatch_request()
  File "/home/ubuntu/.local/lib/python3.6/site-packages/flask/app.py", line 1518, in full_dispatch_request
    rv = self.handle_user_exception(e)
  File "/home/ubuntu/.local/lib/python3.6/site-packages/flask/app.py", line 1516, in full_dispatch_request
    rv = self.dispatch_request()
  File "/home/ubuntu/.local/lib/python3.6/site-packages/flask/app.py", line 1502, in dispatch_request
    return self.ensure_sync(self.view_functions[rule.endpoint])(**req.view_args)
  File "/home/ubuntu/scheduler/app.py", line 172, in R_post
    return json.dumps(resp.json())
UnboundLocalError: local variable 'resp' referenced before assignment
2021-11-23 10:58:24,425: Connected to Redis
2021-11-23 10:58:24,429: endpoint :http://a84abf32be9644a43920d6d28e626872-6b478b698f7dea1a.elb.us-east-1.amazonaws.com/image-classifier-resnet50-i1
2021-11-23 10:58:24,429: * push:
2021-11-23 10:58:24,430: 1
2021-11-23 10:58:24,430: * pop:
2021-11-23 10:58:24,431: 479c1e40-4c4c-11ec-9f90-0a4a64cd4f01
2021-11-23 10:58:24,431: get_uuid : {"progress": 0, "reqtype": "R", "reqdata": "{\"url\": \"https://i.imgur.com/213xcvs.jpg\"}", "respdata": 0, "latency": 0, "endpoint": "http://a84abf32be9644a43920d6d28e626872-6b478b698f7dea1a.elb.us-east-1.amazonaws.com/image-classifier-resnet50-i1"}
2021-11-23 10:58:24,567: http://a84abf32be9644a43920d6d28e626872-6b478b698f7dea1a.elb.us-east-1.amazonaws.com/image-classifier-resnet50-i1 latency: 0.1349seconds
